This is pdfTeX, Version 3.14159265-2.6-1.40.18 (MiKTeX 2.9.6500 64-bit) (preloaded format=pdflatex 2018.3.25)  23 JAN 2019 19:53
entering extended mode
**./main.tex
(main.tex
LaTeX2e <2017-04-15>
Babel <3.15> and hyphenation patterns for 76 language(s) loaded.
(mitthesis.cls
Document Class: mitthesis 1999/10/20
\vithesis=\count79
("C:\Program Files\MiKTeX 2.9\tex\latex\base\report.cls"
Document Class: report 2014/09/29 v1.4h Standard LaTeX document class
("C:\Program Files\MiKTeX 2.9\tex\latex\base\size12.clo"
File: size12.clo 2014/09/29 v1.4h Standard LaTeX file (size option)
)
\c@part=\count80
\c@chapter=\count81
\c@section=\count82
\c@subsection=\count83
\c@subsubsection=\count84
\c@paragraph=\count85
\c@subparagraph=\count86
\c@figure=\count87
\c@table=\count88
\abovecaptionskip=\skip41
\belowcaptionskip=\skip42
\bibindent=\dimen102
)
("C:\Program Files\MiKTeX 2.9\tex\latex\setspace\setspace.sty"
Package: setspace 2011/12/19 v6.7a set line spacing
)
Thesis document copyright MIT unless otherwise (manually) specified
\@titlesupervisor=\box26
\@abstractsupervisor=\box27
\c@savepage=\count89
) (lgrind.sty
Package: lgrind 1997/01/30 v3.4 LGrind environment and supporting stuff
\lc@unt=\count90
\ln@xt=\count91
\LGnuminterval=\count92
\LGindent=\skip43
\LGsloppy=\skip44
\procbox=\box28
\ls@far=\box29
\tb@x=\box30
\TBw@d=\dimen103
\@ts=\dimen104
) ("C:\Program Files\MiKTeX 2.9\tex\latex\cmap\cmap.sty"
Package: cmap 2008/03/06 v1.0h CMap support: searchable PDF
)
("C:\Program Files\MiKTeX 2.9\tex\latex\base\fontenc.sty"
Package: fontenc 2017/04/05 v2.0i Standard LaTeX package

("C:\Program Files\MiKTeX 2.9\tex\latex\base\t1enc.def"
File: t1enc.def 2017/04/05 v2.0i Standard LaTeX file
LaTeX Font Info:    Redeclaring font encoding T1 on input line 48.
)<<t1.cmap>>)
("C:\Program Files\MiKTeX 2.9\tex\latex\graphics\graphicx.sty"
Package: graphicx 2017/06/01 v1.1a Enhanced LaTeX Graphics (DPC,SPQR)

("C:\Program Files\MiKTeX 2.9\tex\latex\graphics\keyval.sty"
Package: keyval 2014/10/28 v1.15 key=value parser (DPC)
\KV@toks@=\toks14
)
("C:\Program Files\MiKTeX 2.9\tex\latex\graphics\graphics.sty"
Package: graphics 2017/06/25 v1.2c Standard LaTeX Graphics (DPC,SPQR)

("C:\Program Files\MiKTeX 2.9\tex\latex\graphics\trig.sty"
Package: trig 2016/01/03 v1.10 sin cos tan (DPC)
)
("C:\Program Files\MiKTeX 2.9\tex\latex\graphics-cfg\graphics.cfg"
File: graphics.cfg 2016/06/04 v1.11 sample graphics configuration
)
Package graphics Info: Driver file: pdftex.def on input line 99.

("C:\Program Files\MiKTeX 2.9\tex\latex\graphics-def\pdftex.def"
File: pdftex.def 2017/12/07 v1.0i Graphics/color driver for pdftex
))
\Gin@req@height=\dimen105
\Gin@req@width=\dimen106
)
("C:\Program Files\MiKTeX 2.9\tex\latex\hyperref\hyperref.sty"
Package: hyperref 2017/03/14 v6.85a Hypertext links for LaTeX

("C:\Program Files\MiKTeX 2.9\tex\generic\oberdiek\hobsub-hyperref.sty"
Package: hobsub-hyperref 2016/05/16 v1.14 Bundle oberdiek, subset hyperref (HO)


("C:\Program Files\MiKTeX 2.9\tex\generic\oberdiek\hobsub-generic.sty"
Package: hobsub-generic 2016/05/16 v1.14 Bundle oberdiek, subset generic (HO)
Package: hobsub 2016/05/16 v1.14 Construct package bundles (HO)
Package: infwarerr 2016/05/16 v1.4 Providing info/warning/error messages (HO)
Package: ltxcmds 2016/05/16 v1.23 LaTeX kernel commands for general use (HO)
Package: ifluatex 2016/05/16 v1.4 Provides the ifluatex switch (HO)
Package ifluatex Info: LuaTeX not detected.
Package: ifvtex 2016/05/16 v1.6 Detect VTeX and its facilities (HO)
Package ifvtex Info: VTeX not detected.
Package: intcalc 2016/05/16 v1.2 Expandable calculations with integers (HO)
Package: ifpdf 2017/03/15 v3.2 Provides the ifpdf switch
Package: etexcmds 2016/05/16 v1.6 Avoid name clashes with e-TeX commands (HO)
Package etexcmds Info: Could not find \expanded.
(etexcmds)             That can mean that you are not using pdfTeX 1.50 or
(etexcmds)             that some package has redefined \expanded.
(etexcmds)             In the latter case, load this package earlier.
Package: kvsetkeys 2016/05/16 v1.17 Key value parser (HO)
Package: kvdefinekeys 2016/05/16 v1.4 Define keys (HO)
Package: pdftexcmds 2017/03/19 v0.25 Utility functions of pdfTeX for LuaTeX (HO
)
Package pdftexcmds Info: LuaTeX not detected.
Package pdftexcmds Info: \pdf@primitive is available.
Package pdftexcmds Info: \pdf@ifprimitive is available.
Package pdftexcmds Info: \pdfdraftmode found.
Package: pdfescape 2016/05/16 v1.14 Implements pdfTeX's escape features (HO)
Package: bigintcalc 2016/05/16 v1.4 Expandable calculations on big integers (HO
)
Package: bitset 2016/05/16 v1.2 Handle bit-vector datatype (HO)
Package: uniquecounter 2016/05/16 v1.3 Provide unlimited unique counter (HO)
)
Package hobsub Info: Skipping package `hobsub' (already loaded).
Package: letltxmacro 2016/05/16 v1.5 Let assignment for LaTeX macros (HO)
Package: hopatch 2016/05/16 v1.3 Wrapper for package hooks (HO)
Package: xcolor-patch 2016/05/16 xcolor patch
Package: atveryend 2016/05/16 v1.9 Hooks at the very end of document (HO)
Package atveryend Info: \enddocument detected (standard20110627).
Package: atbegshi 2016/06/09 v1.18 At begin shipout hook (HO)
Package: refcount 2016/05/16 v3.5 Data extraction from label references (HO)
Package: hycolor 2016/05/16 v1.8 Color options for hyperref/bookmark (HO)
)
("C:\Program Files\MiKTeX 2.9\tex\generic\ifxetex\ifxetex.sty"
Package: ifxetex 2010/09/12 v0.6 Provides ifxetex conditional
)
("C:\Program Files\MiKTeX 2.9\tex\latex\oberdiek\auxhook.sty"
Package: auxhook 2016/05/16 v1.4 Hooks for auxiliary files (HO)
)
("C:\Program Files\MiKTeX 2.9\tex\latex\oberdiek\kvoptions.sty"
Package: kvoptions 2016/05/16 v3.12 Key value format for package options (HO)
)
\@linkdim=\dimen107
\Hy@linkcounter=\count93
\Hy@pagecounter=\count94

("C:\Program Files\MiKTeX 2.9\tex\latex\hyperref\pd1enc.def"
File: pd1enc.def 2017/03/14 v6.85a Hyperref: PDFDocEncoding definition (HO)
)
\Hy@SavedSpaceFactor=\count95

("C:\Program Files\MiKTeX 2.9\tex\latex\00miktex\hyperref.cfg"
File: hyperref.cfg 2002/06/06 v1.2 hyperref configuration of TeXLive
)
Package hyperref Info: Hyper figures OFF on input line 4498.
Package hyperref Info: Link nesting OFF on input line 4503.
Package hyperref Info: Hyper index ON on input line 4506.
Package hyperref Info: Plain pages OFF on input line 4513.
Package hyperref Info: Backreferencing OFF on input line 4518.
Package hyperref Info: Implicit mode ON; LaTeX internals redefined.
Package hyperref Info: Bookmarks ON on input line 4751.
\c@Hy@tempcnt=\count96

("C:\Program Files\MiKTeX 2.9\tex\latex\url\url.sty"
\Urlmuskip=\muskip10
Package: url 2013/09/16  ver 3.4  Verb mode for urls, etc.
)
LaTeX Info: Redefining \url on input line 5104.
\XeTeXLinkMargin=\dimen108
\Fld@menulength=\count97
\Field@Width=\dimen109
\Fld@charsize=\dimen110
Package hyperref Info: Hyper figures OFF on input line 6358.
Package hyperref Info: Link nesting OFF on input line 6363.
Package hyperref Info: Hyper index ON on input line 6366.
Package hyperref Info: backreferencing OFF on input line 6373.
Package hyperref Info: Link coloring OFF on input line 6378.
Package hyperref Info: Link coloring with OCG OFF on input line 6383.
Package hyperref Info: PDF/A mode OFF on input line 6388.
LaTeX Info: Redefining \ref on input line 6428.
LaTeX Info: Redefining \pageref on input line 6432.
\Hy@abspage=\count98
\c@Item=\count99
\c@Hfootnote=\count100
)

Package hyperref Message: Driver (autodetected): hpdftex.

("C:\Program Files\MiKTeX 2.9\tex\latex\hyperref\hpdftex.def"
File: hpdftex.def 2017/03/14 v6.85a Hyperref driver for pdfTeX
\Fld@listcount=\count101
\c@bookmark@seq@number=\count102

("C:\Program Files\MiKTeX 2.9\tex\latex\oberdiek\rerunfilecheck.sty"
Package: rerunfilecheck 2016/05/16 v1.8 Rerun checks for auxiliary files (HO)
Package uniquecounter Info: New unique counter `rerunfilecheck' on input line 2
82.
)
\Hy@SectionHShift=\skip45
)
("C:\Program Files\MiKTeX 2.9\tex\latex\listings\listings.sty"
\lst@mode=\count103
\lst@gtempboxa=\box31
\lst@token=\toks15
\lst@length=\count104
\lst@currlwidth=\dimen111
\lst@column=\count105
\lst@pos=\count106
\lst@lostspace=\dimen112
\lst@width=\dimen113
\lst@newlines=\count107
\lst@lineno=\count108
\lst@maxwidth=\dimen114

("C:\Program Files\MiKTeX 2.9\tex\latex\listings\lstmisc.sty"
File: lstmisc.sty 2015/06/04 1.6 (Carsten Heinz)
\c@lstnumber=\count109
\lst@skipnumbers=\count110
\lst@framebox=\box32
)
("C:\Program Files\MiKTeX 2.9\tex\latex\listings\listings.cfg"
File: listings.cfg 2015/06/04 1.6 listings configuration
))
Package: listings 2015/06/04 1.6 (Carsten Heinz)

("C:\Program Files\MiKTeX 2.9\tex\latex\graphics\color.sty"
Package: color 2016/07/10 v1.1e Standard LaTeX Color (DPC)

("C:\Program Files\MiKTeX 2.9\tex\latex\graphics-cfg\color.cfg"
File: color.cfg 2016/01/02 v1.6 sample color configuration
)
Package color Info: Driver file: pdftex.def on input line 147.
)
("C:\Program Files\MiKTeX 2.9\tex\latex\listings\lstlang1.sty"
File: lstlang1.sty 2015/06/04 1.6 listings language file
) (main.aux
(cover.aux) (contents.aux) (chap1.aux) (chap2.aux) (chap3.aux

LaTeX Warning: Label `overflow' multiply defined.


LaTeX Warning: Label `overflow' multiply defined.


LaTeX Warning: Label `overflow' multiply defined.


LaTeX Warning: Label `overflow' multiply defined.


LaTeX Warning: Label `overflow' multiply defined.


LaTeX Warning: Label `overflow' multiply defined.


LaTeX Warning: Label `overflow' multiply defined.


LaTeX Warning: Label `overflow' multiply defined.


LaTeX Warning: Label `overflow' multiply defined.


LaTeX Warning: Label `overflow' multiply defined.

) (chap4.aux) (chap5.aux) (abbreviations.aux) (biblio.aux))
\openout1 = `main.aux'.

LaTeX Font Info:    Checking defaults for OML/cmm/m/it on input line 71.
LaTeX Font Info:    ... okay on input line 71.
LaTeX Font Info:    Checking defaults for T1/cmr/m/n on input line 71.
LaTeX Font Info:    ... okay on input line 71.
LaTeX Font Info:    Checking defaults for OT1/cmr/m/n on input line 71.
LaTeX Font Info:    ... okay on input line 71.
LaTeX Font Info:    Checking defaults for OMS/cmsy/m/n on input line 71.
LaTeX Font Info:    ... okay on input line 71.
LaTeX Font Info:    Checking defaults for OMX/cmex/m/n on input line 71.
LaTeX Font Info:    ... okay on input line 71.
LaTeX Font Info:    Checking defaults for U/cmr/m/n on input line 71.
LaTeX Font Info:    ... okay on input line 71.
LaTeX Font Info:    Checking defaults for PD1/pdf/m/n on input line 71.
LaTeX Font Info:    ... okay on input line 71.

("C:\Program Files\MiKTeX 2.9\tex\context\base\supp-pdf.mkii"
[Loading MPS to PDF converter (version 2006.09.02).]
\scratchcounter=\count111
\scratchdimen=\dimen115
\scratchbox=\box33
\nofMPsegments=\count112
\nofMParguments=\count113
\everyMPshowfont=\toks16
\MPscratchCnt=\count114
\MPscratchDim=\dimen116
\MPnumerator=\count115
\makeMPintoPDFobject=\count116
\everyMPtoPDFconversion=\toks17
) ("C:\Program Files\MiKTeX 2.9\tex\latex\oberdiek\epstopdf-base.sty"
Package: epstopdf-base 2016/05/15 v2.6 Base part for package epstopdf

("C:\Program Files\MiKTeX 2.9\tex\latex\oberdiek\grfext.sty"
Package: grfext 2016/05/16 v1.2 Manage graphics extensions (HO)
)
Package epstopdf-base Info: Redefining graphics rule for `.eps' on input line 4
38.
Package grfext Info: Graphics extension search list:
(grfext)             [.pdf,.png,.jpg,.mps,.jpeg,.jbig2,.jb2,.PDF,.PNG,.JPG,.JPE
G,.JBIG2,.JB2,.eps]
(grfext)             \AppendGraphicsExtensions on input line 456.
)
\AtBeginShipoutBox=\box34
Package hyperref Info: Link coloring OFF on input line 71.

("C:\Program Files\MiKTeX 2.9\tex\latex\hyperref\nameref.sty"
Package: nameref 2016/05/21 v2.44 Cross-referencing by name of section

("C:\Program Files\MiKTeX 2.9\tex\generic\oberdiek\gettitlestring.sty"
Package: gettitlestring 2016/05/16 v1.5 Cleanup title references (HO)
)
\c@section@level=\count117
)
LaTeX Info: Redefining \ref on input line 71.
LaTeX Info: Redefining \pageref on input line 71.
LaTeX Info: Redefining \nameref on input line 71.

(main.out) (main.out)
\@outlinefile=\write3
\openout3 = `main.out'.

\c@lstlisting=\count118
\openout2 = `cover.aux'.

 (cover.tex
LaTeX Font Info:    Try loading font information for OMS+cmr on input line 93.

("C:\Program Files\MiKTeX 2.9\tex\latex\base\omscmr.fd"
File: omscmr.fd 2014/09/29 v2.5h Standard LaTeX font definitions
)
LaTeX Font Info:    Font shape `OMS/cmr/m/n' in size <14.4> not available
(Font)              Font shape `OMS/cmsy/m/n' tried instead on input line 93.
<<oms.cmap>> [1



{C:/Users/faisa/AppData/Local/MiKTeX/2.9/pdftex/config/pdftex.map}] [2

] (abstract.tex)
[3

] [4

]) [5]
\openout2 = `contents.aux'.

 (contents.tex [6



] (main.toc<<ot1.cmap>><<oml.cmap>>
LaTeX Font Info:    External font `cmex10' loaded for size
(Font)              <12> on input line 2.
<<omx.cmap>>
LaTeX Font Info:    External font `cmex10' loaded for size
(Font)              <8> on input line 2.
LaTeX Font Info:    External font `cmex10' loaded for size
(Font)              <6> on input line 2.

[7])
\tf@toc=\write4
\openout4 = `main.toc'.

 [8] (main.lof)
\tf@lof=\write5
\openout5 = `main.lof'.

 [9

])
\openout2 = `chap1.aux'.

 (chap1.tex [10



]
Chapter 1.
[11] [12]
<disaster.png, id=303, 867.24pt x 487.8225pt>
File: disaster.png Graphic file (type png)
<use disaster.png>
Package pdftex.def Info: disaster.png  used on input line 35.
(pdftex.def)             Requested size: 426.79134pt x 240.06976pt.
 [13 <./disaster.png>] [14]
Overfull \hbox (15.12729pt too wide) in paragraph at lines 79--81
\T1/cmr/m/n/12 signed to do par-al-lel pro-cess-ing on dif-fer-ent nodes com-pa
red to re-la-tional databases,
 []

[15] [16]) [17]
\openout2 = `chap2.aux'.

 (chap2.tex [18



]
Chapter 2.
[19] [20]
Underfull \hbox (badness 10000) in paragraph at lines 45--49

 []

[21] [22] [23] [24] [25]
Overfull \hbox (6.57141pt too wide) in paragraph at lines 168--169
[]\T1/cmr/m/n/12 NoSQL move-ment trades off ACID com-pli-ance for other prop-er
-ties, un-like a RDBMS.
 []

[26]
Overfull \hbox (2.89525pt too wide) in paragraph at lines 171--172
[]\T1/cmr/m/n/12 Schema nor-mal-iza-tion is not stressed. A De-normalized schem
a can pro-vide straight-
 []

[27] [28]
Underfull \vbox (badness 1675) has occurred while \output is active []

 [29]
[30] [31] [32]) [33]
\openout2 = `chap3.aux'.

 (chap3.tex [34



]
Chapter 3.
<DesignDiagram.png, id=429, 528.7755pt x 190.91325pt>
File: DesignDiagram.png Graphic file (type png)
<use DesignDiagram.png>
Package pdftex.def Info: DesignDiagram.png  used on input line 13.
(pdftex.def)             Requested size: 426.79134pt x 154.09705pt.
[35 <./DesignDiagram.png>] [36]
LaTeX Font Info:    Try loading font information for T1+cmtt on input line 51.

("C:\Program Files\MiKTeX 2.9\tex\latex\base\t1cmtt.fd"
File: t1cmtt.fd 2014/09/29 v2.5h Standard LaTeX font definitions
) [37] [38]
<code11.png, id=465, 751.608pt x 151.16475pt>
File: code11.png Graphic file (type png)
<use code11.png>
Package pdftex.def Info: code11.png  used on input line 120.
(pdftex.def)             Requested size: 426.79134pt x 85.83725pt.
 [39 <./code11.png>]
<code21.png, id=472, 767.86874pt x 152.36925pt>
File: code21.png Graphic file (type png)
<use code21.png>
Package pdftex.def Info: code21.png  used on input line 130.
(pdftex.def)             Requested size: 426.79134pt x 84.68915pt.
<code31.png, id=473, 755.2215pt x 501.67426pt>
File: code31.png Graphic file (type png)
<use code31.png>
Package pdftex.def Info: code31.png  used on input line 142.
(pdftex.def)             Requested size: 569.05511pt x 378.02304pt.

Overfull \hbox (135.43512pt too wide) in paragraph at lines 142--143
 [][] 
 []

[40 <./code21.png>]
<code51.png, id=479, 649.82774pt x 111.41624pt>
File: code51.png Graphic file (type png)
<use code51.png>
Package pdftex.def Info: code51.png  used on input line 161.
(pdftex.def)             Requested size: 569.05511pt x 97.56886pt.

Overfull \hbox (135.43512pt too wide) in paragraph at lines 161--162
 [][] 
 []


Underfull \vbox (badness 10000) has occurred while \output is active []

 [41 <./code31.png>]
<code61.png, id=485, 860.013pt x 111.41624pt>
File: code61.png Graphic file (type png)
<use code61.png>
Package pdftex.def Info: code61.png  used on input line 175.
(pdftex.def)             Requested size: 426.79134pt x 55.29146pt.
 [42 <./code51.png> <./code61.png>]
<tweetoutput.png, id=492, 1032.85875pt x 308.352pt>
File: tweetoutput.png Graphic file (type png)
<use tweetoutput.png>
Package pdftex.def Info: tweetoutput.png  used on input line 187.
(pdftex.def)             Requested size: 435.32716pt x 129.96335pt.

Overfull \hbox (1.70717pt too wide) in paragraph at lines 187--188
 [][] 
 []


Underfull \vbox (badness 3281) has occurred while \output is active []

 [43 <./tweetoutput.png>]
<code71.png, id=499, 685.96275pt x 402.90524pt>
File: code71.png Graphic file (type png)
<use code71.png>
Package pdftex.def Info: code71.png  used on input line 209.
(pdftex.def)             Requested size: 569.05511pt x 334.24527pt.

Overfull \hbox (135.43512pt too wide) in paragraph at lines 209--210
 [][] 
 []

[44]
Underfull \vbox (badness 5316) has occurred while \output is active []

 [45 <./code71.png>]
<ContextFiltering.png, id=511, 677.53125pt x 228.25275pt>
File: ContextFiltering.png Graphic file (type png)
<use ContextFiltering.png>
Package pdftex.def Info: ContextFiltering.png  used on input line 235.
(pdftex.def)             Requested size: 426.79134pt x 143.78606pt.
<ContextFilteringWorking.png, id=512, 904.5795pt x 280.04625pt>
File: ContextFilteringWorking.png Graphic file (type png)
<use ContextFilteringWorking.png>
Package pdftex.def Info: ContextFilteringWorking.png  used on input line 243.
(pdftex.def)             Requested size: 426.79134pt x 132.13025pt.
 [46 <./ContextFiltering.png> <./ContextFilteringWorking.png>] [47]
[48]) [49]
\openout2 = `chap4.aux'.

 (chap4.tex [50



]
Chapter 4.
[51] [52] [53]) [54] [55]
\openout2 = `chap5.aux'.

 (chap5.tex [56



]
Chapter 5.
[57] [58]) [59]
\openout2 = `abbreviations.aux'.

 (abbreviations.tex [60



]
Appendix A.
[61])
\openout2 = `biblio.aux'.

 (biblio.tex (main.bbl [62




]
Underfull \hbox (badness 10000) in paragraph at lines 51--56
\T1/cmtt/m/n/12 understanding -[] oauth -[] what -[] happens -[] when -[] you -
[] log -[] into -[] a -[] site -[] with -[]
 []

[63])) [64]
Package atveryend Info: Empty hook `BeforeClearDocument' on input line 90.
Package atveryend Info: Empty hook `AfterLastShipout' on input line 90.
 (main.aux (cover.aux) (contents.aux) (chap1.aux) (chap2.aux)
(chap3.aux) (chap4.aux) (chap5.aux) (abbreviations.aux) (biblio.aux))
Package atveryend Info: Executing hook `AtVeryEndDocument' on input line 90.
Package atveryend Info: Executing hook `AtEndAfterFileList' on input line 90.
Package rerunfilecheck Info: File `main.out' has not changed.
(rerunfilecheck)             Checksum: DF40480547BDCCD563E756AE121D03B4;2677.


LaTeX Warning: There were multiply-defined labels.

Package atveryend Info: Empty hook `AtVeryVeryEnd' on input line 90.
 ) 
Here is how much of TeX's memory you used:
 7263 strings out of 493308
 109316 string characters out of 3138768
 207599 words of memory out of 3000000
 10485 multiletter control sequences out of 15000+200000
 14887 words of font info for 36 fonts, out of 3000000 for 9000
 1141 hyphenation exceptions out of 8191
 28i,7n,40p,1381b,1072s stack positions out of 5000i,500n,10000p,200000b,50000s
{C:/Program Files/MiKTeX 2.9/fonts/enc/dvips/cm-super/cm-super-t1.enc}<C:/Pro
gram Files/MiKTeX 2.9/fonts/type1/public/amsfonts/cm/cmsy10.pfb><C:/Program Fil
es/MiKTeX 2.9/fonts/type1/public/cm-super/sfbx1200.pfb><C:/Program Files/MiKTeX
 2.9/fonts/type1/public/cm-super/sfbx1440.pfb><C:/Program Files/MiKTeX 2.9/font
s/type1/public/cm-super/sfbx1728.pfb><C:/Program Files/MiKTeX 2.9/fonts/type1/p
ublic/cm-super/sfbx2488.pfb><C:/Program Files/MiKTeX 2.9/fonts/type1/public/cm-
super/sfrm1200.pfb><C:/Program Files/MiKTeX 2.9/fonts/type1/public/cm-super/sfr
m1440.pfb><C:/Program Files/MiKTeX 2.9/fonts/type1/public/cm-super/sfrm1728.pfb
><C:/Program Files/MiKTeX 2.9/fonts/type1/public/cm-super/sfti1200.pfb><C:/Prog
ram Files/MiKTeX 2.9/fonts/type1/public/cm-super/sftt1095.pfb><C:/Program Files
/MiKTeX 2.9/fonts/type1/public/cm-super/sftt1200.pfb>
Output written on main.pdf (64 pages, 1097284 bytes).
PDF statistics:
 679 PDF objects out of 1000 (max. 8388607)
 148 named destinations out of 1000 (max. 500000)
 404 words of extra memory for PDF output out of 10000 (max. 10000000)

