\BOOKMARK [0][-]{chapter.1}{Introduction}{}% 1
\BOOKMARK [1][-]{section.1.1}{Motivations for micro-optimization}{chapter.1}% 2
\BOOKMARK [1][-]{section.1.2}{Description of micro-optimization}{chapter.1}% 3
\BOOKMARK [2][-]{subsection.1.2.1}{Post Multiply Normalization}{section.1.2}% 4
\BOOKMARK [2][-]{subsection.1.2.2}{Block Exponent}{section.1.2}% 5
\BOOKMARK [1][-]{section.1.3}{Integer optimizations}{chapter.1}% 6
\BOOKMARK [2][-]{subsection.1.3.1}{Conversion to fixed point}{section.1.3}% 7
\BOOKMARK [2][-]{subsection.1.3.2}{Small Constant Multiplications}{section.1.3}% 8
\BOOKMARK [1][-]{section.1.4}{Other optimizations}{chapter.1}% 9
\BOOKMARK [2][-]{subsection.1.4.1}{Low-level parallelism}{section.1.4}% 10
\BOOKMARK [2][-]{subsection.1.4.2}{Pipeline optimizations}{section.1.4}% 11
\BOOKMARK [0][-]{chapter.2}{Design}{}% 12
\BOOKMARK [1][-]{section.2.1}{Twitter}{chapter.2}% 13
\BOOKMARK [2][-]{subsection.2.1.1}{Twitter API}{section.2.1}% 14
\BOOKMARK [2][-]{subsection.2.1.2}{Authenticate with OAuth}{section.2.1}% 15
\BOOKMARK [2][-]{subsection.2.1.3}{Make API call:}{section.2.1}% 16
\BOOKMARK [2][-]{subsection.2.1.4}{Receive JSON file back:}{section.2.1}% 17
\BOOKMARK [2][-]{subsection.2.1.5}{Interpret JSON file:}{section.2.1}% 18
\BOOKMARK [1][-]{section.2.2}{Python:}{chapter.2}% 19
\BOOKMARK [1][-]{section.2.3}{Tweepy:}{chapter.2}% 20
\BOOKMARK [2][-]{subsection.2.3.1}{Using tweepy:}{section.2.3}% 21
\BOOKMARK [1][-]{section.2.4}{Diving into the code:}{chapter.2}% 22
\BOOKMARK [2][-]{subsection.2.4.1}{Importing the modules:}{section.2.4}% 23
\BOOKMARK [2][-]{subsection.2.4.2}{Setting the Variables:}{section.2.4}% 24
\BOOKMARK [2][-]{subsection.2.4.3}{Using and Modifying the Tweepy Classes:}{section.2.4}% 25
\BOOKMARK [2][-]{subsection.2.4.4}{Calling the Stream Listener:}{section.2.4}% 26
\BOOKMARK [1][-]{section.2.5}{MongoDB}{chapter.2}% 27
\BOOKMARK [2][-]{subsection.2.5.1}{What is MongoDB?}{section.2.5}% 28
\BOOKMARK [2][-]{subsection.2.5.2}{Why store in MongoDB?}{section.2.5}% 29
\BOOKMARK [1][-]{section.2.6}{Storing Tweets in MongoDB:}{chapter.2}% 30
\BOOKMARK [1][-]{section.2.7}{Recalling Tweets from MongoDB:}{chapter.2}% 31
\BOOKMARK [1][-]{section.2.8}{Hadoop:}{chapter.2}% 32
\BOOKMARK [0][-]{appendix.A}{Tables}{}% 33
\BOOKMARK [0][-]{appendix.B}{Figures}{}% 34
